#
# There is insufficient memory for the Java Runtime Environment to continue.
# Native memory allocation (mmap) failed to map 103809024 bytes for committing reserved memory.
# Possible reasons:
#   The system is out of physical RAM or swap space
#   In 32 bit mode, the process size limit was hit
# Possible solutions:
#   Reduce memory load on the system
#   Increase physical memory or swap space
#   Check if swap backing store is full
#   Use 64 bit Java on a 64 bit OS
#   Decrease Java heap size (-Xmx/-Xms)
#   Decrease number of Java threads
#   Decrease Java thread stack sizes (-Xss)
#   Set larger code cache with -XX:ReservedCodeCacheSize=
# This output file may be truncated or incomplete.
#
#  Out of Memory Error (os_linux.cpp:2627), pid=8666, tid=139730168514304
#
# JRE version: Java(TM) SE Runtime Environment (8.0_74-b02) (build 1.8.0_74-b02)
# Java VM: Java HotSpot(TM) 64-Bit Server VM (25.74-b02 mixed mode linux-amd64 compressed oops)
# Failed to write core dump. Core dumps have been disabled. To enable core dumping, try "ulimit -c unlimited" before starting Java again
#

---------------  T H R E A D  ---------------

Current thread (0x00007f15a8080000):  VMThread [stack: 0x00007f1576ff0000,0x00007f15770f1000] [id=8678]

Stack: [0x00007f1576ff0000,0x00007f15770f1000],  sp=0x00007f15770ef200,  free space=1020k
Native frames: (J=compiled Java code, j=interpreted, Vv=VM code, C=native code)
V  [libjvm.so+0xaba7ea]  VMError::report_and_die()+0x2ba
V  [libjvm.so+0x4f9e3b]  report_vm_out_of_memory(char const*, int, unsigned long, VMErrorType, char const*)+0x8b
V  [libjvm.so+0x91b613]  os::Linux::commit_memory_impl(char*, unsigned long, bool)+0x103
V  [libjvm.so+0x91bb69]  os::pd_commit_memory(char*, unsigned long, unsigned long, bool)+0x29
V  [libjvm.so+0x915e6a]  os::commit_memory(char*, unsigned long, unsigned long, bool)+0x2a
V  [libjvm.so+0x989543]  PSVirtualSpace::expand_by(unsigned long)+0x53
V  [libjvm.so+0x98a948]  PSYoungGen::resize_generation(unsigned long, unsigned long)+0xf8
V  [libjvm.so+0x989aa2]  PSYoungGen::resize(unsigned long, unsigned long)+0x22
V  [libjvm.so+0x986d7b]  PSScavenge::invoke_no_policy()+0xf3b
V  [libjvm.so+0x982025]  PSParallelCompact::invoke(bool)+0x85
V  [libjvm.so+0x480fa4]  CollectedHeap::collect_as_vm_thread(GCCause::Cause)+0x114
V  [libjvm.so+0xabbc61]  VM_CollectForMetadataAllocation::doit()+0x161
V  [libjvm.so+0xac3c35]  VM_Operation::evaluate()+0x55
V  [libjvm.so+0xac200a]  VMThread::evaluate_operation(VM_Operation*)+0xba
V  [libjvm.so+0xac238e]  VMThread::loop()+0x1ce
V  [libjvm.so+0xac2800]  VMThread::run()+0x70
V  [libjvm.so+0x91d9d8]  java_start(Thread*)+0x108

VM_Operation (0x00007f15af931a00): CollectForMetadataAllocation, mode: safepoint, requested by thread 0x00007f15a800a000


---------------  P R O C E S S  ---------------

Java Threads: ( => current thread )
  0x00007f15a8ba5000 JavaThread "resolver-4" daemon [_thread_blocked, id=8693, stack(0x00007f1574c41000,0x00007f1574d42000)]
  0x00007f15a8bc5000 JavaThread "resolver-3" daemon [_thread_blocked, id=8692, stack(0x00007f1574d42000,0x00007f1574e43000)]
  0x00007f15a89c4800 JavaThread "resolver-2" daemon [_thread_blocked, id=8691, stack(0x00007f1574e43000,0x00007f1574f44000)]
  0x00007f15a8bf9800 JavaThread "resolver-1" daemon [_thread_blocked, id=8690, stack(0x00007f1574f44000,0x00007f1575045000)]
  0x00007f15a86bb000 JavaThread "process reaper" daemon [_thread_blocked, id=8689, stack(0x00007f1576325000,0x00007f157635e000)]
  0x00007f15a80d2800 JavaThread "Service Thread" daemon [_thread_blocked, id=8686, stack(0x00007f157665f000,0x00007f1576760000)]
  0x00007f15a80c7800 JavaThread "C1 CompilerThread3" daemon [_thread_blocked, id=8685, stack(0x00007f1576760000,0x00007f1576861000)]
  0x00007f15a80c5800 JavaThread "C2 CompilerThread2" daemon [_thread_blocked, id=8684, stack(0x00007f1576861000,0x00007f1576962000)]
  0x00007f15a80c3800 JavaThread "C2 CompilerThread1" daemon [_thread_in_native, id=8683, stack(0x00007f1576962000,0x00007f1576a63000)]
  0x00007f15a80c0800 JavaThread "C2 CompilerThread0" daemon [_thread_blocked, id=8682, stack(0x00007f1576a63000,0x00007f1576b64000)]
  0x00007f15a80bf000 JavaThread "Signal Dispatcher" daemon [_thread_blocked, id=8681, stack(0x00007f1576b64000,0x00007f1576c65000)]
  0x00007f15a808c000 JavaThread "Finalizer" daemon [_thread_blocked, id=8680, stack(0x00007f1576dee000,0x00007f1576eef000)]
  0x00007f15a8087800 JavaThread "Reference Handler" daemon [_thread_blocked, id=8679, stack(0x00007f1576eef000,0x00007f1576ff0000)]
  0x00007f15a800a000 JavaThread "main" [_thread_blocked, id=8669, stack(0x00007f15af836000,0x00007f15af937000)]

Other Threads:
=>0x00007f15a8080000 VMThread [stack: 0x00007f1576ff0000,0x00007f15770f1000] [id=8678]
  0x00007f15a80d5800 WatcherThread [stack: 0x00007f157655e000,0x00007f157665f000] [id=8687]

VM state:at safepoint (normal execution)

VM Mutex/Monitor currently owned by a thread:  ([mutex/lock_event])
[0x00007f15a8006220] Threads_lock - owner thread: 0x00007f15a8080000
[0x00007f15a8006720] Heap_lock - owner thread: 0x00007f15a800a000

Heap:
 PSYoungGen      total 105472K, used 8161K [0x00000000e1500000, 0x00000000e8500000, 0x0000000100000000)
  eden space 97280K, 0% used [0x00000000e1500000,0x00000000e1500000,0x00000000e7400000)
  from space 8192K, 99% used [0x00000000e7400000,0x00000000e7bf87b0,0x00000000e7c00000)
  to   space 7168K, 0% used [0x00000000e7c00000,0x00000000e7c00000,0x00000000e8300000)
 ParOldGen       total 64512K, used 11770K [0x00000000a3e00000, 0x00000000a7d00000, 0x00000000e1500000)
  object space 64512K, 18% used [0x00000000a3e00000,0x00000000a497e810,0x00000000a7d00000)
 Metaspace       used 20689K, capacity 21168K, committed 21296K, reserved 1069056K
  class space    used 2483K, capacity 2657K, committed 2688K, reserved 1048576K

Card table byte_map: [0x00007f15ac33b000,0x00007f15ac61d000] byte_map_base: 0x00007f15abe1c000

Marking Bits: (ParMarkBitMap*) 0x00007f15aed28260
 Begin Bits: [0x00007f15911f0000, 0x00007f15928f8000)
 End Bits:   [0x00007f15928f8000, 0x00007f1594000000)

Polling page: 0x00007f15af952000

CodeCache: size=245760Kb used=11653Kb max_used=11653Kb free=234106Kb
 bounds [0x00007f1599000000, 0x00007f1599b70000, 0x00007f15a8000000]
 total_blobs=3738 nmethods=3369 adapters=282
 compilation: enabled

Compilation events (10 events):
Event: 3.008 Thread 0x00007f15a80c7800 3370       1       org.apache.maven.artifact.repository.ArtifactRepositoryPolicy::getChecksumPolicy (5 bytes)
Event: 3.008 Thread 0x00007f15a80c7800 nmethod 3370 0x00007f1599b69a90 code [0x00007f1599b69be0, 0x00007f1599b69cf0]
Event: 3.008 Thread 0x00007f15a80c7800 3375       1       org.apache.maven.artifact.handler.DefaultArtifactHandler::isIncludesDependencies (5 bytes)
Event: 3.008 Thread 0x00007f15a80c7800 nmethod 3375 0x00007f1599b69d50 code [0x00007f1599b69ea0, 0x00007f1599b69fb0]
Event: 3.017 Thread 0x00007f15a80c7800 3376       3       java.io.BufferedWriter::ensureOpen (18 bytes)
Event: 3.017 Thread 0x00007f15a80c7800 nmethod 3376 0x00007f1599b6a010 code [0x00007f1599b6a180, 0x00007f1599b6a3c8]
Event: 3.017 Thread 0x00007f15a80c7800 3378       3       java.io.PrintStream::ensureOpen (18 bytes)
Event: 3.018 Thread 0x00007f15a80c7800 nmethod 3378 0x00007f1599b6a490 code [0x00007f1599b6a600, 0x00007f1599b6a848]
Event: 3.018 Thread 0x00007f15a80c7800 3377       1       sun.nio.cs.StreamEncoder::isOpen (5 bytes)
Event: 3.018 Thread 0x00007f15a80c7800 nmethod 3377 0x00007f1599b6a910 code [0x00007f1599b6aa60, 0x00007f1599b6ab70]

GC Heap History (10 events):
Event: 0.898 GC heap after
Heap after GC invocations=2 (full 0):
 PSYoungGen      total 28160K, used 3567K [0x00000000e1500000, 0x00000000e3400000, 0x0000000100000000)
  eden space 24576K, 0% used [0x00000000e1500000,0x00000000e1500000,0x00000000e2d00000)
  from space 3584K, 99% used [0x00000000e3080000,0x00000000e33fbc08,0x00000000e3400000)
  to   space 3584K, 0% used [0x00000000e2d00000,0x00000000e2d00000,0x00000000e3080000)
 ParOldGen       total 64512K, used 1890K [0x00000000a3e00000, 0x00000000a7d00000, 0x00000000e1500000)
  object space 64512K, 2% used [0x00000000a3e00000,0x00000000a3fd8b78,0x00000000a7d00000)
 Metaspace       used 10172K, capacity 10332K, committed 10368K, reserved 1058816K
  class space    used 1299K, capacity 1373K, committed 1408K, reserved 1048576K
}
Event: 1.383 GC heap before
{Heap before GC invocations=3 (full 0):
 PSYoungGen      total 28160K, used 28143K [0x00000000e1500000, 0x00000000e3400000, 0x0000000100000000)
  eden space 24576K, 100% used [0x00000000e1500000,0x00000000e2d00000,0x00000000e2d00000)
  from space 3584K, 99% used [0x00000000e3080000,0x00000000e33fbc08,0x00000000e3400000)
  to   space 3584K, 0% used [0x00000000e2d00000,0x00000000e2d00000,0x00000000e3080000)
 ParOldGen       total 64512K, used 1890K [0x00000000a3e00000, 0x00000000a7d00000, 0x00000000e1500000)
  object space 64512K, 2% used [0x00000000a3e00000,0x00000000a3fd8b78,0x00000000a7d00000)
 Metaspace       used 13205K, capacity 13496K, committed 13568K, reserved 1060864K
  class space    used 1622K, capacity 1724K, committed 1792K, reserved 1048576K
Event: 1.392 GC heap after
Heap after GC invocations=3 (full 0):
 PSYoungGen      total 28160K, used 3552K [0x00000000e1500000, 0x00000000e4c00000, 0x0000000100000000)
  eden space 24576K, 0% used [0x00000000e1500000,0x00000000e1500000,0x00000000e2d00000)
  from space 3584K, 99% used [0x00000000e2d00000,0x00000000e3078020,0x00000000e3080000)
  to   space 3584K, 0% used [0x00000000e4880000,0x00000000e4880000,0x00000000e4c00000)
 ParOldGen       total 64512K, used 4491K [0x00000000a3e00000, 0x00000000a7d00000, 0x00000000e1500000)
  object space 64512K, 6% used [0x00000000a3e00000,0x00000000a4262d00,0x00000000a7d00000)
 Metaspace       used 13205K, capacity 13496K, committed 13568K, reserved 1060864K
  class space    used 1622K, capacity 1724K, committed 1792K, reserved 1048576K
}
Event: 1.626 GC heap before
{Heap before GC invocations=4 (full 0):
 PSYoungGen      total 28160K, used 28128K [0x00000000e1500000, 0x00000000e4c00000, 0x0000000100000000)
  eden space 24576K, 100% used [0x00000000e1500000,0x00000000e2d00000,0x00000000e2d00000)
  from space 3584K, 99% used [0x00000000e2d00000,0x00000000e3078020,0x00000000e3080000)
  to   space 3584K, 0% used [0x00000000e4880000,0x00000000e4880000,0x00000000e4c00000)
 ParOldGen       total 64512K, used 4491K [0x00000000a3e00000, 0x00000000a7d00000, 0x00000000e1500000)
  object space 64512K, 6% used [0x00000000a3e00000,0x00000000a4262d00,0x00000000a7d00000)
 Metaspace       used 13474K, capacity 13790K, committed 14080K, reserved 1060864K
  class space    used 1634K, capacity 1757K, committed 1792K, reserved 1048576K
Event: 1.633 GC heap after
Heap after GC invocations=4 (full 0):
 PSYoungGen      total 52736K, used 3584K [0x00000000e1500000, 0x00000000e4c00000, 0x0000000100000000)
  eden space 49152K, 0% used [0x00000000e1500000,0x00000000e1500000,0x00000000e4500000)
  from space 3584K, 100% used [0x00000000e4880000,0x00000000e4c00000,0x00000000e4c00000)
  to   space 3584K, 0% used [0x00000000e4500000,0x00000000e4500000,0x00000000e4880000)
 ParOldGen       total 64512K, used 5599K [0x00000000a3e00000, 0x00000000a7d00000, 0x00000000e1500000)
  object space 64512K, 8% used [0x00000000a3e00000,0x00000000a4377d10,0x00000000a7d00000)
 Metaspace       used 13474K, capacity 13790K, committed 14080K, reserved 1060864K
  class space    used 1634K, capacity 1757K, committed 1792K, reserved 1048576K
}
Event: 2.036 GC heap before
{Heap before GC invocations=5 (full 0):
 PSYoungGen      total 52736K, used 52736K [0x00000000e1500000, 0x00000000e4c00000, 0x0000000100000000)
  eden space 49152K, 100% used [0x00000000e1500000,0x00000000e4500000,0x00000000e4500000)
  from space 3584K, 100% used [0x00000000e4880000,0x00000000e4c00000,0x00000000e4c00000)
  to   space 3584K, 0% used [0x00000000e4500000,0x00000000e4500000,0x00000000e4880000)
 ParOldGen       total 64512K, used 5599K [0x00000000a3e00000, 0x00000000a7d00000, 0x00000000e1500000)
  object space 64512K, 8% used [0x00000000a3e00000,0x00000000a4377d10,0x00000000a7d00000)
 Metaspace       used 14120K, capacity 14422K, committed 14720K, reserved 1062912K
  class space    used 1688K, capacity 1797K, committed 1920K, reserved 1048576K
Event: 2.046 GC heap after
Heap after GC invocations=5 (full 0):
 PSYoungGen      total 52736K, used 3568K [0x00000000e1500000, 0x00000000e8300000, 0x0000000100000000)
  eden space 49152K, 0% used [0x00000000e1500000,0x00000000e1500000,0x00000000e4500000)
  from space 3584K, 99% used [0x00000000e4500000,0x00000000e487c010,0x00000000e4880000)
  to   space 7168K, 0% used [0x00000000e7c00000,0x00000000e7c00000,0x00000000e8300000)
 ParOldGen       total 64512K, used 8145K [0x00000000a3e00000, 0x00000000a7d00000, 0x00000000e1500000)
  object space 64512K, 12% used [0x00000000a3e00000,0x00000000a45f4740,0x00000000a7d00000)
 Metaspace       used 14120K, capacity 14422K, committed 14720K, reserved 1062912K
  class space    used 1688K, capacity 1797K, committed 1920K, reserved 1048576K
}
Event: 2.638 GC heap before
{Heap before GC invocations=6 (full 0):
 PSYoungGen      total 52736K, used 51967K [0x00000000e1500000, 0x00000000e8300000, 0x0000000100000000)
  eden space 49152K, 98% used [0x00000000e1500000,0x00000000e4443e20,0x00000000e4500000)
  from space 3584K, 99% used [0x00000000e4500000,0x00000000e487c010,0x00000000e4880000)
  to   space 7168K, 0% used [0x00000000e7c00000,0x00000000e7c00000,0x00000000e8300000)
 ParOldGen       total 64512K, used 8145K [0x00000000a3e00000, 0x00000000a7d00000, 0x00000000e1500000)
  object space 64512K, 12% used [0x00000000a3e00000,0x00000000a45f4740,0x00000000a7d00000)
 Metaspace       used 19155K, capacity 19576K, committed 19712K, reserved 1067008K
  class space    used 2323K, capacity 2494K, committed 2560K, reserved 1048576K
Event: 2.649 GC heap after
Heap after GC invocations=6 (full 0):
 PSYoungGen      total 104448K, used 7152K [0x00000000e1500000, 0x00000000e8500000, 0x0000000100000000)
  eden space 97280K, 0% used [0x00000000e1500000,0x00000000e1500000,0x00000000e7400000)
  from space 7168K, 99% used [0x00000000e7c00000,0x00000000e82fc120,0x00000000e8300000)
  to   space 8192K, 0% used [0x00000000e7400000,0x00000000e7400000,0x00000000e7c00000)
 ParOldGen       total 64512K, used 8742K [0x00000000a3e00000, 0x00000000a7d00000, 0x00000000e1500000)
  object space 64512K, 13% used [0x00000000a3e00000,0x00000000a4689900,0x00000000a7d00000)
 Metaspace       used 19155K, capacity 19576K, committed 19712K, reserved 1067008K
  class space    used 2323K, capacity 2494K, committed 2560K, reserved 1048576K
}
Event: 3.023 GC heap before
{Heap before GC invocations=7 (full 0):
 PSYoungGen      total 104448K, used 43321K [0x00000000e1500000, 0x00000000e8500000, 0x0000000100000000)
  eden space 97280K, 37% used [0x00000000e1500000,0x00000000e3852488,0x00000000e7400000)
  from space 7168K, 99% used [0x00000000e7c00000,0x00000000e82fc120,0x00000000e8300000)
  to   space 8192K, 0% used [0x00000000e7400000,0x00000000e7400000,0x00000000e7c00000)
 ParOldGen       total 64512K, used 8742K [0x00000000a3e00000, 0x00000000a7d00000, 0x00000000e1500000)
  object space 64512K, 13% used [0x00000000a3e00000,0x00000000a4689900,0x00000000a7d00000)
 Metaspace       used 20689K, capacity 21168K, committed 21296K, reserved 1069056K
  class space    used 2483K, capacity 2657K, committed 2688K, reserved 1048576K

Deoptimization events (10 events):
Event: 2.974 Thread 0x00007f15a800a000 Uncommon trap: reason=unstable_if action=reinterpret pc=0x00007f1599740ecc method=org.apache.maven.model.Contributor.clone()Lorg/apache/maven/model/Contributor; @ 65
Event: 2.976 Thread 0x00007f15a800a000 Uncommon trap: reason=unstable_if action=reinterpret pc=0x00007f1599764ed4 method=org.apache.maven.model.Contributor.clone()Lorg/apache/maven/model/Contributor; @ 65
Event: 2.978 Thread 0x00007f15a800a000 Uncommon trap: reason=unstable_if action=reinterpret pc=0x00007f1599914ac4 method=org.apache.maven.model.ConfigurationContainer.setLocation(Ljava/lang/Object;Lorg/apache/maven/model/InputLocation;)V @ 1
Event: 2.978 Thread 0x00007f15a800a000 Uncommon trap: reason=unstable_if action=reinterpret pc=0x00007f15998e6880 method=org.apache.maven.model.ConfigurationContainer.setLocation(Ljava/lang/Object;Lorg/apache/maven/model/InputLocation;)V @ 1
Event: 2.988 Thread 0x00007f15a89c4800 Uncommon trap: reason=unstable_if action=reinterpret pc=0x00007f1599778cd4 method=java.lang.ThreadLocal.get()Ljava/lang/Object; @ 11
Event: 3.010 Thread 0x00007f15a800a000 Uncommon trap: reason=speculate_class_check action=maybe_recompile pc=0x00007f15998aabe0 method=java.util.ArrayList.<init>(Ljava/util/Collection;)V @ 36
Event: 3.010 Thread 0x00007f15a800a000 Uncommon trap: reason=speculate_class_check action=maybe_recompile pc=0x00007f15998aabe0 method=java.util.ArrayList.<init>(Ljava/util/Collection;)V @ 36
Event: 3.021 Thread 0x00007f15a800a000 Uncommon trap: reason=class_check action=maybe_recompile pc=0x00007f159962ea50 method=java.util.AbstractList$Itr.hasNext()Z @ 8
Event: 3.021 Thread 0x00007f15a800a000 Uncommon trap: reason=class_check action=maybe_recompile pc=0x00007f1599652688 method=java.util.AbstractList$Itr.next()Ljava/lang/Object; @ 14
Event: 3.022 Thread 0x00007f15a800a000 Uncommon trap: reason=unstable_if action=reinterpret pc=0x00007f1599b19aa8 method=java.util.StringTokenizer.setMaxDelimCodePoint()V @ 71

Internal exceptions (10 events):
Event: 1.295 Thread 0x00007f15a800a000 Implicit null exception at 0x00007f159950c8f9 to 0x00007f159950d2d5
Event: 1.394 Thread 0x00007f15a800a000 Implicit null exception at 0x00007f15994d48fb to 0x00007f15994d4ec9
Event: 2.076 Thread 0x00007f15a800a000 Exception <a 'java/lang/NoClassDefFoundError': org/slf4j/Logger> (0x00000000e16e9498) thrown at [/HUDSON3/workspace/8-2-build-linux-amd64/jdk8u74/6087/hotspot/src/share/vm/oops/constantPool.cpp, line 235]
Event: 2.195 Thread 0x00007f15a800a000 Exception <a 'java/lang/NoClassDefFoundError': org/slf4j/Logger> (0x00000000e20bbb00) thrown at [/HUDSON3/workspace/8-2-build-linux-amd64/jdk8u74/6087/hotspot/src/share/vm/oops/constantPool.cpp, line 235]
Event: 2.314 Thread 0x00007f15a800a000 Exception <a 'java/lang/NoClassDefFoundError': org/slf4j/Logger> (0x00000000e33f4db8) thrown at [/HUDSON3/workspace/8-2-build-linux-amd64/jdk8u74/6087/hotspot/src/share/vm/oops/constantPool.cpp, line 235]
Event: 2.361 Thread 0x00007f15a800a000 Exception <a 'java/lang/ClassNotFoundException': com/sun/tools/javac/api/JavacTool> (0x00000000e363eef0) thrown at [/HUDSON3/workspace/8-2-build-linux-amd64/jdk8u74/6087/hotspot/src/share/vm/classfile/systemDictionary.cpp, line 210]
Event: 2.678 Thread 0x00007f15a800a000 Exception <a 'java/io/FileNotFoundException'> (0x00000000e194b980) thrown at [/HUDSON3/workspace/8-2-build-linux-amd64/jdk8u74/6087/hotspot/src/share/vm/prims/jni.cpp, line 709]
Event: 2.680 Thread 0x00007f15a800a000 Exception <a 'java/io/FileNotFoundException'> (0x00000000e1980258) thrown at [/HUDSON3/workspace/8-2-build-linux-amd64/jdk8u74/6087/hotspot/src/share/vm/prims/jni.cpp, line 709]
Event: 2.935 Thread 0x00007f15a800a000 Exception <a 'java/lang/NoClassDefFoundError': org/slf4j/Logger> (0x00000000e2b0cb00) thrown at [/HUDSON3/workspace/8-2-build-linux-amd64/jdk8u74/6087/hotspot/src/share/vm/oops/constantPool.cpp, line 235]
Event: 2.988 Thread 0x00007f15a89c4800 Implicit null exception at 0x00007f1599778c08 to 0x00007f1599778cc1

Events (10 events):
Event: 3.022 loading class sun/util/locale/provider/TimeZoneNameUtility done
Event: 3.022 loading class sun/util/locale/provider/TimeZoneNameProviderImpl
Event: 3.022 loading class sun/util/locale/provider/TimeZoneNameProviderImpl done
Event: 3.022 Thread 0x00007f15a800a000 Uncommon trap: trap_request=0xffffff65 fr.pc=0x00007f1599b19aa8
Event: 3.022 Thread 0x00007f15a800a000 DEOPT PACKING pc=0x00007f1599b19aa8 sp=0x00007f15af933cc0
Event: 3.022 Thread 0x00007f15a800a000 DEOPT UNPACKING pc=0x00007f1599005229 sp=0x00007f15af933c10 mode 2
Event: 3.022 loading class sun/util/locale/provider/TimeZoneNameUtility$TimeZoneNameGetter
Event: 3.022 loading class sun/util/locale/provider/TimeZoneNameUtility$TimeZoneNameGetter done
Event: 3.022 loading class sun/util/resources/TimeZoneNames
Event: 3.023 Executing VM operation: CollectForMetadataAllocation


Dynamic libraries:
00400000-00401000 r-xp 00000000 00:13 95911                              /usr/lib/jvm/jdk1.8.0_74/bin/java
00600000-00601000 rw-p 00000000 00:13 95911                              /usr/lib/jvm/jdk1.8.0_74/bin/java
00e04000-00e25000 rw-p 00000000 00:00 0                                  [heap]
a3e00000-a7d00000 rw-p 00000000 00:00 0 
a7d00000-e1500000 ---p 00000000 00:00 0 
e1500000-e8500000 rw-p 00000000 00:00 0 
ee800000-100000000 ---p 00000000 00:00 0 
100000000-1002a0000 rw-p 00000000 00:00 0 
1002a0000-140000000 ---p 00000000 00:00 0 
7f1534000000-7f1534021000 rw-p 00000000 00:00 0 
7f1534021000-7f1538000000 ---p 00000000 00:00 0 
7f1538000000-7f1538021000 rw-p 00000000 00:00 0 
7f1538021000-7f153c000000 ---p 00000000 00:00 0 
7f153c000000-7f153c021000 rw-p 00000000 00:00 0 
7f153c021000-7f1540000000 ---p 00000000 00:00 0 
7f1540000000-7f1540021000 rw-p 00000000 00:00 0 
7f1540021000-7f1544000000 ---p 00000000 00:00 0 
7f1544000000-7f1544021000 rw-p 00000000 00:00 0 
7f1544021000-7f1548000000 ---p 00000000 00:00 0 
7f1548000000-7f1548021000 rw-p 00000000 00:00 0 
7f1548021000-7f154c000000 ---p 00000000 00:00 0 
7f154c000000-7f154cc0c000 rw-p 00000000 00:00 0 
7f154cc0c000-7f1550000000 ---p 00000000 00:00 0 
7f1550000000-7f1550021000 rw-p 00000000 00:00 0 
7f1550021000-7f1554000000 ---p 00000000 00:00 0 
7f1554000000-7f1555387000 rw-p 00000000 00:00 0 
7f1555387000-7f1558000000 ---p 00000000 00:00 0 
7f1558000000-7f1558d0a000 rw-p 00000000 00:00 0 
7f1558d0a000-7f155c000000 ---p 00000000 00:00 0 
7f155c000000-7f155c021000 rw-p 00000000 00:00 0 
7f155c021000-7f1560000000 ---p 00000000 00:00 0 
7f1560000000-7f1561146000 rw-p 00000000 00:00 0 
7f1561146000-7f1564000000 ---p 00000000 00:00 0 
7f1564000000-7f1564021000 rw-p 00000000 00:00 0 
7f1564021000-7f1568000000 ---p 00000000 00:00 0 
7f1568000000-7f1568021000 rw-p 00000000 00:00 0 
7f1568021000-7f156c000000 ---p 00000000 00:00 0 
7f156c000000-7f156c28b000 rw-p 00000000 00:00 0 
7f156c28b000-7f1570000000 ---p 00000000 00:00 0 
7f1570000000-7f1570021000 rw-p 00000000 00:00 0 
7f1570021000-7f1574000000 ---p 00000000 00:00 0 
7f1574a40000-7f1574a6d000 rw-p 00000000 00:00 0 
7f1574a6d000-7f1574c41000 ---p 00000000 00:00 0 
7f1574c41000-7f1574c44000 ---p 00000000 00:00 0 
7f1574c44000-7f1574d42000 rw-p 00000000 00:00 0                          [stack:8693]
7f1574d42000-7f1574d45000 ---p 00000000 00:00 0 
7f1574d45000-7f1574e43000 rw-p 00000000 00:00 0                          [stack:8692]
7f1574e43000-7f1574e46000 ---p 00000000 00:00 0 
7f1574e46000-7f1574f44000 rw-p 00000000 00:00 0                          [stack:8691]
7f1574f44000-7f1574f47000 ---p 00000000 00:00 0 
7f1574f47000-7f1575045000 rw-p 00000000 00:00 0                          [stack:8690]
7f15752d3000-7f15752d4000 r--s 00002000 00:13 975542                     /home/user/.m2/repository/org/apache/maven/reporting/maven-reporting-api/2.0.9/maven-reporting-api-2.0.9.jar
7f15752d4000-7f15752d7000 r--s 00034000 00:13 975541                     /home/user/.m2/repository/org/codehaus/plexus/plexus-utils/2.1/plexus-utils-2.1.jar
7f15752d7000-7f15752d9000 r--s 00006000 00:13 975540                     /home/user/.m2/repository/org/apache/maven/shared/maven-common-artifact-filters/1.3/maven-common-artifact-filters-1.3.jar
7f15752d9000-7f15752db000 r--s 0000d000 00:13 975539                     /home/user/.m2/repository/org/apache/maven/surefire/maven-surefire-common/2.10/maven-surefire-common-2.10.jar
7f15752db000-7f15752e0000 r--s 00023000 00:13 975538                     /home/user/.m2/repository/org/apache/maven/surefire/surefire-api/2.10/surefire-api-2.10.jar
7f15752e0000-7f15752e2000 r--s 00007000 00:13 975537                     /home/user/.m2/repository/org/apache/maven/surefire/surefire-booter/2.10/surefire-booter-2.10.jar
7f15752e2000-7f15752e4000 r--s 00006000 00:13 974852                     /home/user/.m2/repository/org/apache/maven/plugins/maven-surefire-plugin/2.10/maven-surefire-plugin-2.10.jar
7f15752e4000-7f15754e4000 rw-p 00000000 00:00 0 
7f15754e4000-7f15756e4000 rw-p 00000000 00:00 0 
7f15756e4000-7f157575d000 r--s 010e3000 00:13 95108                      /usr/lib/jvm/jdk1.8.0_74/lib/tools.jar
7f157575d000-7f1575760000 r--s 0001b000 00:13 975435                     /home/user/.m2/repository/junit/junit/3.8.2/junit-3.8.2.jar
7f1575760000-7f157576e000 r--s 0008f000 00:13 975434                     /home/user/.m2/repository/com/google/collections/google-collections/1.0/google-collections-1.0.jar
7f157576e000-7f157576f000 r--s 0000a000 00:13 975433                     /home/user/.m2/repository/commons-logging/commons-logging-api/1.1/commons-logging-api-1.1.jar
7f157576f000-7f1575776000 r--s 00051000 00:13 975432                     /home/user/.m2/repository/log4j/log4j/1.2.12/log4j-1.2.12.jar
7f1575776000-7f157577a000 r--s 0001d000 00:13 975431                     /home/user/.m2/repository/org/apache/xbean/xbean-reflect/3.4/xbean-reflect-3.4.jar
7f157577a000-7f157577b000 r--s 00004000 00:13 975430                     /home/user/.m2/repository/org/codehaus/plexus/plexus-compiler-javac/2.2/plexus-compiler-javac-2.2.jar
7f157577b000-7f157577d000 r--s 00000000 00:13 975429                     /home/user/.m2/repository/org/codehaus/plexus/plexus-compiler-manager/2.2/plexus-compiler-manager-2.2.jar
7f157577d000-7f157577f000 r--s 00005000 00:13 975428                     /home/user/.m2/repository/org/codehaus/plexus/plexus-compiler-api/2.2/plexus-compiler-api-2.2.jar
7f157577f000-7f1575781000 r--s 00002000 00:13 975427                     /home/user/.m2/repository/org/apache/maven/shared/maven-shared-incremental/1.1/maven-shared-incremental-1.1.jar
7f1575781000-7f1575783000 r--s 00006000 00:13 975426                     /home/user/.m2/repository/com/google/code/findbugs/jsr305/2.0.1/jsr305-2.0.1.jar
7f1575783000-7f1575786000 r--s 00023000 00:13 975425                     /home/user/.m2/repository/org/apache/maven/shared/maven-shared-utils/0.1/maven-shared-utils-0.1.jar
7f1575786000-7f157578a000 r--s 00030000 00:13 975424                     /home/user/.m2/repository/org/codehaus/plexus/plexus-utils/1.5.1/plexus-utils-1.5.1.jar
7f157578a000-7f157578c000 r--s 00009000 00:13 974839                     /home/user/.m2/repository/org/apache/maven/plugins/maven-compiler-plugin/3.1/maven-compiler-plugin-3.1.jar
7f157578c000-7f157578e000 r--s 0000d000 00:13 975334                     /home/user/.m2/repository/org/codehaus/plexus/plexus-interpolation/1.13/plexus-interpolation-1.13.jar
7f157578e000-7f157578f000 r--s 00001000 00:13 975333                     /home/user/.m2/repository/org/sonatype/plexus/plexus-build-api/0.0.4/plexus-build-api-0.0.4.jar
7f157578f000-7f1575791000 r--s 00009000 00:13 975332                     /home/user/.m2/repository/org/apache/maven/shared/maven-filtering/1.0/maven-filtering-1.0.jar
7f1575791000-7f1575795000 r--s 00033000 00:13 553394                     /home/user/.m2/repository/org/codehaus/plexus/plexus-utils/2.0.5/plexus-utils-2.0.5.jar
7f1575795000-7f1575796000 r--s 00001000 00:13 552578                     /home/user/.m2/repository/org/apache/maven/doxia/doxia-sink-api/1.0-alpha-7/doxia-sink-api-1.0-alpha-7.jar
7f1575796000-7f1575797000 r--s 00002000 00:13 552542                     /home/user/.m2/repository/org/apache/maven/reporting/maven-reporting-api/2.0.6/maven-reporting-api-2.0.6.jar
7f1575797000-7f1575799000 r--s 00005000 00:13 974829                     /home/user/.m2/repository/org/apache/maven/plugins/maven-resources-plugin/2.5/maven-resources-plugin-2.5.jar
7f1575799000-7f15757a7000 r--s 0007f000 00:13 975308                     /home/user/.m2/repository/commons-collections/commons-collections/3.2.1/commons-collections-3.2.1.jar
7f15757a7000-7f15757ac000 r--s 00041000 00:13 975307                     /home/user/.m2/repository/commons-lang/commons-lang/2.6/commons-lang-2.6.jar
7f15757ac000-7f15757ae000 r--s 00006000 00:13 975306                     /home/user/.m2/repository/org/apache/maven/shared/maven-invoker/2.0.11/maven-invoker-2.0.11.jar
7f15757ae000-7f15757b0000 r--s 00006000 00:13 975305                     /home/user/.m2/repository/org/apache/maven/shared/maven-common-artifact-filters/1.4/maven-common-artifact-filters-1.4.jar
7f15757b0000-7f15757b2000 r--s 0000c000 00:13 975304                     /home/user/.m2/repository/org/apache/maven/shared/maven-dependency-tree/2.0/maven-dependency-tree-2.0.jar
7f15757b2000-7f15757b4000 r--s 00000000 00:13 975303                     /home/user/.m2/repository/org/codehaus/plexus/plexus-component-annotations/1.5.5/plexus-component-annotations-1.5.5.jar
7f15757b4000-7f15757b5000 r--s 0000a000 00:13 975302                     /home/user/.m2/repository/asm/asm/3.3.1/asm-3.3.1.jar
7f15757b5000-7f15757b7000 r--s 00005000 00:13 975301                     /home/user/.m2/repository/org/apache/maven/shared/maven-dependency-analyzer/1.3/maven-dependency-analyzer-1.3.jar
7f15757b7000-7f15757ba000 r--s 0000c000 00:13 975300                     /home/user/.m2/repository/org/codehaus/plexus/plexus-io/2.0.6/plexus-io-2.0.6.jar
7f15757ba000-7f15757bd000 r--s 0001b000 00:13 975299                     /home/user/.m2/repository/junit/junit/3.8.1/junit-3.8.1.jar
7f15757bd000-7f15757bf000 r--s 00008000 00:13 975298                     /home/user/.m2/repository/org/apache/maven/shared/maven-shared-io/1.1/maven-shared-io-1.1.jar
7f15757bf000-7f15757c1000 r--s 00008000 00:13 975297                     /home/user/.m2/repository/org/apache/maven/shared/file-management/1.2.1/file-management-1.2.1.jar
7f15757c1000-7f15757c5000 r--s 00035000 00:13 975296                     /home/user/.m2/repository/org/codehaus/plexus/plexus-utils/3.0.9/plexus-utils-3.0.9.jar
7f15757c5000-7f15757ca000 r--s 00029000 00:13 975295                     /home/user/.m2/repository/org/codehaus/plexus/plexus-archiver/2.2/plexus-archiver-2.2.jar
7f15757ca000-7f15757cc000 r--s 00004000 00:13 975294                     /home/user/.m2/repository/org/apache/maven/doxia/doxia-module-xhtml/1.0/doxia-module-xhtml-1.0.jar
7f15757cc000-7f15757cd000 r--s 00006000 00:13 975293                     /home/user/.m2/repository/org/apache/maven/doxia/doxia-module-xdoc/1.0/doxia-module-xdoc-1.0.jar
7f15757cd000-7f15757ce000 r--s 00004000 00:13 975292                     /home/user/.m2/repository/org/apache/maven/doxia/doxia-module-fml/1.0/doxia-module-fml-1.0.jar
7f15757ce000-7f15757d0000 r--s 0000a000 00:13 975291                     /home/user/.m2/repository/org/apache/maven/doxia/doxia-module-apt/1.0/doxia-module-apt-1.0.jar
7f15757d0000-7f15757d1000 r--s 0000b000 00:13 975290                     /home/user/.m2/repository/org/apache/maven/doxia/doxia-decoration-model/1.0/doxia-decoration-model-1.0.jar
7f15757d1000-7f15757d9000 r--s 00058000 00:13 975289                     /home/user/.m2/repository/org/apache/velocity/velocity/1.5/velocity-1.5.jar
7f15757d9000-7f15757da000 r--s 00001000 00:13 975288                     /home/user/.m2/repository/org/codehaus/plexus/plexus-velocity/1.1.7/plexus-velocity-1.1.7.jar
7f15757da000-7f15757db000 r--s 00002000 00:13 975287                     /home/user/.m2/repository/org/codehaus/plexus/plexus-i18n/1.0-beta-7/plexus-i18n-1.0-beta-7.jar
7f15757db000-7f15757dd000 r--s 0000a000 00:13 975286                     /home/user/.m2/repository/org/apache/maven/doxia/doxia-site-renderer/1.0/doxia-site-renderer-1.0.jar
7f15757dd000-7f15757e2000 r--s 00016000 00:13 975284                     /home/user/.m2/repository/xml-apis/xml-apis/1.0.b2/xml-apis-1.0.b2.jar
7f15757e2000-7f15757e4000 r--s 0000e000 00:13 975283                     /home/user/.m2/repository/oro/oro/2.0.8/oro-2.0.8.jar
7f15757e4000-7f15757e6000 r--s 00008000 00:13 975282                     /home/user/.m2/repository/commons-logging/commons-logging/1.0.4/commons-logging-1.0.4.jar
7f15757e6000-7f15757ea000 r--s 00026000 00:13 975281                     /home/user/.m2/repository/commons-digester/commons-digester/1.6/commons-digester-1.6.jar
7f15757ea000-7f15757ef000 r--s 0002a000 00:13 975280                     /home/user/.m2/repository/commons-beanutils/commons-beanutils/1.7.0/commons-beanutils-1.7.0.jar
7f15757ef000-7f15757f2000 r--s 00014000 00:13 975279                     /home/user/.m2/repository/commons-validator/commons-validator/1.2.0/commons-validator-1.2.0.jar
7f15757f2000-7f15757f5000 r--s 00018000 00:13 975278                     /home/user/.m2/repository/commons-io/commons-io/1.4/commons-io-1.4.jar
7f15757f5000-7f15757f7000 r--s 00009000 00:13 975277                     /home/user/.m2/repository/org/apache/maven/shared/maven-doxia-tools/1.0.2/maven-doxia-tools-1.0.2.jar
7f15757f7000-7f15757fa000 r--s 0000b000 00:13 975276                     /home/user/.m2/repository/org/apache/maven/doxia/doxia-core/1.0/doxia-core-1.0.jar
7f15757fa000-7f15757fc000 r--s 00004000 00:13 975275                     /home/user/.m2/repository/org/apache/maven/reporting/maven-reporting-impl/2.0.5/maven-reporting-impl-2.0.5.jar
7f15757fc000-7f15759fc000 rw-p 00000000 00:00 0 
7f15759fc000-7f1575a0d000 r-xp 00000000 00:13 96019                      /usr/lib/jvm/jdk1.8.0_74/jre/lib/amd64/libnio.so
7f1575a0d000-7f1575c0c000 ---p 00011000 00:13 96019                      /usr/lib/jvm/jdk1.8.0_74/jre/lib/amd64/libnio.so
7f1575c0c000-7f1575c0d000 rw-p 00010000 00:13 96019                      /usr/lib/jvm/jdk1.8.0_74/jre/lib/amd64/libnio.so
7f1575c0d000-7f1575f0e000 rw-p 00000000 00:00 0 
7f1575f0e000-7f1575f24000 r-xp 00000000 00:13 95996                      /usr/lib/jvm/jdk1.8.0_74/jre/lib/amd64/libnet.so
7f1575f24000-7f1576124000 ---p 00016000 00:13 95996                      /usr/lib/jvm/jdk1.8.0_74/jre/lib/amd64/libnet.so
7f1576124000-7f1576125000 rw-p 00016000 00:13 95996                      /usr/lib/jvm/jdk1.8.0_74/jre/lib/amd64/libnet.so
7f1576125000-7f1576325000 rw-p 00000000 00:00 0 
7f1576325000-7f1576328000 ---p 00000000 00:00 0 
7f1576328000-7f157655e000 rw-p 00000000 00:00 0                          [stack:8689]
7f157655e000-7f157655f000 ---p 00000000 00:00 0 
7f157655f000-7f157665f000 rw-p 00000000 00:00 0                          [stack:8687]
7f157665f000-7f1576662000 ---p 00000000 00:00 0 
7f1576662000-7f1576760000 rw-p 00000000 00:00 0                          [stack:8686]
7f1576760000-7f1576763000 ---p 00000000 00:00 0 
7f1576763000-7f1576861000 rw-p 00000000 00:00 0                          [stack:8685]
7f1576861000-7f1576864000 ---p 00000000 00:00 0 
7f1576864000-7f1576962000 rw-p 00000000 00:00 0                          [stack:8684]
7f1576962000-7f1576965000 ---p 00000000 00:00 0 
7f1576965000-7f1576a63000 rw-p 00000000 00:00 0                          [stack:8683]
7f1576a63000-7f1576a66000 ---p 00000000 00:00 0 
7f1576a66000-7f1576b64000 rw-p 00000000 00:00 0                          [stack:8682]
7f1576b64000-7f1576b67000 ---p 00000000 00:00 0 
7f1576b67000-7f1576c65000 rw-p 00000000 00:00 0                          [stack:8681]
7f1576c65000-7f1576dee000 r--p 00000000 00:13 12186                      /usr/lib/locale/locale-archive
7f1576dee000-7f1576df1000 ---p 00000000 00:00 0 
7f1576df1000-7f1576eef000 rw-p 00000000 00:00 0                          [stack:8680]
7f1576eef000-7f1576ef2000 ---p 00000000 00:00 0 
7f1576ef2000-7f1576ff0000 rw-p 00000000 00:00 0                          [stack:8679]
7f1576ff0000-7f1576ff1000 ---p 00000000 00:00 0 
7f1576ff1000-7f1578000000 rw-p 00000000 00:00 0                          [stack:8678]
7f1578000000-7f1578021000 rw-p 00000000 00:00 0 
7f1578021000-7f157c000000 ---p 00000000 00:00 0 
7f157c000000-7f157c021000 rw-p 00000000 00:00 0 
7f157c021000-7f1580000000 ---p 00000000 00:00 0 
7f1580000000-7f1580021000 rw-p 00000000 00:00 0 
7f1580021000-7f1584000000 ---p 00000000 00:00 0 
7f1584000000-7f1584021000 rw-p 00000000 00:00 0 
7f1584021000-7f1588000000 ---p 00000000 00:00 0 
7f1588000000-7f1588021000 rw-p 00000000 00:00 0 
7f1588021000-7f158c000000 ---p 00000000 00:00 0 
7f158c000000-7f158c021000 rw-p 00000000 00:00 0 
7f158c021000-7f1590000000 ---p 00000000 00:00 0 
7f1590000000-7f1590001000 r--s 00002000 00:13 975285                     /home/user/.m2/repository/org/apache/maven/doxia/doxia-sink-api/1.0/doxia-sink-api-1.0.jar
7f1590001000-7f1590002000 r--s 00002000 00:13 975274                     /home/user/.m2/repository/org/apache/maven/reporting/maven-reporting-api/3.0/maven-reporting-api-3.0.jar
7f1590002000-7f1590004000 r--s 00002000 00:13 553589                     /home/user/.m2/repository/org/codehaus/plexus/plexus-interactivity-api/1.0-alpha-4/plexus-interactivity-api-1.0-alpha-4.jar
7f1590004000-7f1590006000 r--s 00006000 00:13 554791                     /home/user/.m2/repository/commons-cli/commons-cli/1.0/commons-cli-1.0.jar
7f1590006000-7f1590009000 r--s 00021000 00:13 974816                     /home/user/.m2/repository/org/apache/maven/plugins/maven-dependency-plugin/2.6/maven-dependency-plugin-2.6.jar
7f1590009000-7f159000a000 r--p 00000000 00:00 0 
7f159000a000-7f159000e000 r--s 00097000 00:13 95939                      /usr/lib/jvm/jdk1.8.0_74/jre/lib/jsse.jar
7f159000e000-7f1590010000 r--s 0000c000 00:13 571501                     /home/user/j/tools/netbeans-8.1/java/maven-nblib/netbeans-eventspy.jar
7f1590010000-7f1590012000 r--s 00000000 00:13 570968                     /home/user/j/tools/netbeans-8.1/java/maven/lib/plexus-component-annotations-1.5.5.jar
7f1590012000-7f1590014000 r--s 00006000 00:13 571143                     /home/user/j/tools/netbeans-8.1/java/maven/lib/maven-repository-metadata-3.0.5.jar
7f1590014000-7f1590016000 r--s 00006000 00:13 571241                     /home/user/j/tools/netbeans-8.1/java/maven/lib/aether-connector-wagon-1.13.1.jar
7f1590016000-7f1590019000 r--s 00008000 00:13 571281                     /home/user/j/tools/netbeans-8.1/java/maven/lib/maven-settings-builder-3.0.5.jar
7f1590019000-7f159001b000 r--s 0000c000 00:13 571306                     /home/user/j/tools/netbeans-8.1/java/maven/lib/maven-aether-provider-3.0.5.jar
7f159001b000-7f1590020000 r--s 00020000 00:13 571368                     /home/user/j/tools/netbeans-8.1/java/maven/lib/maven-model-builder-3.0.5.jar
7f1590020000-7f1590022000 r--s 0000d000 00:13 571384                     /home/user/j/tools/netbeans-8.1/java/maven/lib/plexus-interpolation-1.14.jar
7f1590022000-7f1590028000 r--s 0002b000 00:13 571414                     /home/user/j/tools/netbeans-8.1/java/maven/lib/sisu-inject-plexus-2.3.0.jar
7f1590028000-7f1590030000 r--s 0004e000 00:13 571430                     /home/user/j/tools/netbeans-8.1/java/maven/lib/sisu-guice-3.1.0-no_aop.jar
7f1590030000-7f1590032000 r--s 0000b000 00:13 571451                     /home/user/j/tools/netbeans-8.1/java/maven/lib/wagon-provider-api-2.4.jar
7f1590032000-7f1590034000 r--s 0000a000 00:13 571453                     /home/user/j/tools/netbeans-8.1/java/maven/lib/maven-plugin-api-3.0.5.jar
7f1590034000-7f159003b000 r--s 0003e000 00:13 571455                     /home/user/j/tools/netbeans-8.1/java/maven/lib/sisu-inject-bean-2.3.0.jar
7f159003b000-7f1590056000 r--s 000e0000 00:13 571467                     /home/user/j/tools/netbeans-8.1/java/maven/lib/wagon-http-2.4-shaded.jar
7f1590056000-7f1590084000 r--s 001c2000 00:13 571382                     /home/user/j/tools/netbeans-8.1/java/maven/lib/ext/wagon-http-2.8-shaded.jar
7f1590084000-7f1594000000 rw-p 00000000 00:00 0 
7f1594000000-7f1594021000 rw-p 00000000 00:00 0 
7f1594021000-7f1598000000 ---p 00000000 00:00 0 
7f1598000000-7f1598001000 r--s 00006000 00:13 571370                     /home/user/j/tools/netbeans-8.1/java/maven/lib/plexus-sec-dispatcher-1.3.jar
7f1598001000-7f1598003000 r--s 0000b000 00:13 571476                     /home/user/j/tools/netbeans-8.1/java/maven/lib/maven-artifact-3.0.5.jar
7f1598003000-7f1598005000 r--s 00009000 00:13 571478                     /home/user/j/tools/netbeans-8.1/java/maven/lib/maven-embedder-3.0.5.jar
7f1598005000-7f1598008000 r--s 00033000 00:13 571507                     /home/user/j/tools/netbeans-8.1/java/maven/lib/plexus-utils-2.0.6.jar
7f1598008000-7f159800b000 r--s 0001d000 00:13 571509                     /home/user/j/tools/netbeans-8.1/java/maven/lib/aether-impl-1.13.1.jar
7f159800b000-7f159800f000 r--s 0001c000 00:13 571511                     /home/user/j/tools/netbeans-8.1/java/maven/lib/aether-util-1.13.1.jar
7f159800f000-7f1598015000 r--s 0003e000 00:13 571513                     /home/user/j/tools/netbeans-8.1/java/maven/lib/maven-compat-3.0.5.jar
7f1598015000-7f15983ca000 rw-p 00000000 00:00 0 
7f15983ca000-7f15985a2000 r--s 03d1d000 00:13 95987                      /usr/lib/jvm/jdk1.8.0_74/jre/lib/rt.jar
7f15985a2000-7f15988f9000 rw-p 00000000 00:00 0 
7f15988f9000-7f15988fa000 ---p 00000000 00:00 0 
7f15988fa000-7f15989fa000 rw-p 00000000 00:00 0                          [stack:8677]
7f15989fa000-7f15989fb000 ---p 00000000 00:00 0 
7f15989fb000-7f1598afb000 rw-p 00000000 00:00 0                          [stack:8676]
7f1598afb000-7f1598afc000 ---p 00000000 00:00 0 
7f1598afc000-7f1598bfc000 rw-p 00000000 00:00 0                          [stack:8675]
7f1598bfc000-7f1598bfd000 ---p 00000000 00:00 0 
7f1598bfd000-7f1598cfd000 rw-p 00000000 00:00 0                          [stack:8674]
7f1598cfd000-7f1598cfe000 ---p 00000000 00:00 0 
7f1598cfe000-7f1598dfe000 rw-p 00000000 00:00 0                          [stack:8673]
7f1598dfe000-7f1598dff000 ---p 00000000 00:00 0 
7f1598dff000-7f1598eff000 rw-p 00000000 00:00 0                          [stack:8672]
7f1598eff000-7f1598f00000 ---p 00000000 00:00 0 
7f1598f00000-7f1599000000 rw-p 00000000 00:00 0                          [stack:8671]
7f1599000000-7f1599b70000 rwxp 00000000 00:00 0 
7f1599b70000-7f15a8000000 ---p 00000000 00:00 0 
7f15a8000000-7f15a920f000 rw-p 00000000 00:00 0 
7f15a920f000-7f15ac000000 ---p 00000000 00:00 0 
7f15ac000000-7f15ac00c000 r--s 0007b000 00:13 571534                     /home/user/j/tools/netbeans-8.1/java/maven/lib/maven-core-3.0.5.jar
7f15ac00c000-7f15ac04e000 rw-p 00000000 00:00 0 
7f15ac04e000-7f15ac04f000 ---p 00000000 00:00 0 
7f15ac04f000-7f15ac16f000 rw-p 00000000 00:00 0                          [stack:8670]
7f15ac16f000-7f15ac33b000 ---p 00000000 00:00 0 
7f15ac33b000-7f15ac35b000 rw-p 00000000 00:00 0 
7f15ac35b000-7f15ac526000 ---p 00000000 00:00 0 
7f15ac526000-7f15ac55f000 rw-p 00000000 00:00 0 
7f15ac55f000-7f15ac61c000 ---p 00000000 00:00 0 
7f15ac61c000-7f15ac64b000 rw-p 00000000 00:00 0 
7f15ac64b000-7f15ac9dd000 ---p 00000000 00:00 0 
7f15ac9dd000-7f15ac9f7000 r-xp 00000000 00:13 96017                      /usr/lib/jvm/jdk1.8.0_74/jre/lib/amd64/libzip.so
7f15ac9f7000-7f15acbf7000 ---p 0001a000 00:13 96017                      /usr/lib/jvm/jdk1.8.0_74/jre/lib/amd64/libzip.so
7f15acbf7000-7f15acbf8000 rw-p 0001a000 00:13 96017                      /usr/lib/jvm/jdk1.8.0_74/jre/lib/amd64/libzip.so
7f15acbf8000-7f15acc03000 r-xp 00000000 00:13 11319                      /lib/x86_64-linux-gnu/libnss_files-2.19.so
7f15acc03000-7f15ace02000 ---p 0000b000 00:13 11319                      /lib/x86_64-linux-gnu/libnss_files-2.19.so
7f15ace02000-7f15ace03000 r--p 0000a000 00:13 11319                      /lib/x86_64-linux-gnu/libnss_files-2.19.so
7f15ace03000-7f15ace04000 rw-p 0000b000 00:13 11319                      /lib/x86_64-linux-gnu/libnss_files-2.19.so
7f15ace04000-7f15ace0e000 r-xp 00000000 00:13 11317                      /lib/x86_64-linux-gnu/libnss_nis-2.19.so
7f15ace0e000-7f15ad00d000 ---p 0000a000 00:13 11317                      /lib/x86_64-linux-gnu/libnss_nis-2.19.so
7f15ad00d000-7f15ad00e000 r--p 00009000 00:13 11317                      /lib/x86_64-linux-gnu/libnss_nis-2.19.so
7f15ad00e000-7f15ad00f000 rw-p 0000a000 00:13 11317                      /lib/x86_64-linux-gnu/libnss_nis-2.19.so
7f15ad00f000-7f15ad024000 r-xp 00000000 00:13 11315                      /lib/x86_64-linux-gnu/libnsl-2.19.so
7f15ad024000-7f15ad223000 ---p 00015000 00:13 11315                      /lib/x86_64-linux-gnu/libnsl-2.19.so
7f15ad223000-7f15ad224000 r--p 00014000 00:13 11315                      /lib/x86_64-linux-gnu/libnsl-2.19.so
7f15ad224000-7f15ad225000 rw-p 00015000 00:13 11315                      /lib/x86_64-linux-gnu/libnsl-2.19.so
7f15ad225000-7f15ad227000 rw-p 00000000 00:00 0 
7f15ad227000-7f15ad22e000 r-xp 00000000 00:13 11313                      /lib/x86_64-linux-gnu/libnss_compat-2.19.so
7f15ad22e000-7f15ad42d000 ---p 00007000 00:13 11313                      /lib/x86_64-linux-gnu/libnss_compat-2.19.so
7f15ad42d000-7f15ad42e000 r--p 00006000 00:13 11313                      /lib/x86_64-linux-gnu/libnss_compat-2.19.so
7f15ad42e000-7f15ad42f000 rw-p 00007000 00:13 11313                      /lib/x86_64-linux-gnu/libnss_compat-2.19.so
7f15ad42f000-7f15ad459000 r-xp 00000000 00:13 96043                      /usr/lib/jvm/jdk1.8.0_74/jre/lib/amd64/libjava.so
7f15ad459000-7f15ad659000 ---p 0002a000 00:13 96043                      /usr/lib/jvm/jdk1.8.0_74/jre/lib/amd64/libjava.so
7f15ad659000-7f15ad65b000 rw-p 0002a000 00:13 96043                      /usr/lib/jvm/jdk1.8.0_74/jre/lib/amd64/libjava.so
7f15ad65b000-7f15ad668000 r-xp 00000000 00:13 95997                      /usr/lib/jvm/jdk1.8.0_74/jre/lib/amd64/libverify.so
7f15ad668000-7f15ad868000 ---p 0000d000 00:13 95997                      /usr/lib/jvm/jdk1.8.0_74/jre/lib/amd64/libverify.so
7f15ad868000-7f15ad86a000 rw-p 0000d000 00:13 95997                      /usr/lib/jvm/jdk1.8.0_74/jre/lib/amd64/libverify.so
7f15ad86a000-7f15ad871000 r-xp 00000000 00:13 1444                       /lib/x86_64-linux-gnu/librt-2.19.so
7f15ad871000-7f15ada70000 ---p 00007000 00:13 1444                       /lib/x86_64-linux-gnu/librt-2.19.so
7f15ada70000-7f15ada71000 r--p 00006000 00:13 1444                       /lib/x86_64-linux-gnu/librt-2.19.so
7f15ada71000-7f15ada72000 rw-p 00007000 00:13 1444                       /lib/x86_64-linux-gnu/librt-2.19.so
7f15ada72000-7f15adb72000 r-xp 00000000 00:13 11292                      /lib/x86_64-linux-gnu/libm-2.19.so
7f15adb72000-7f15add71000 ---p 00100000 00:13 11292                      /lib/x86_64-linux-gnu/libm-2.19.so
7f15add71000-7f15add72000 r--p 000ff000 00:13 11292                      /lib/x86_64-linux-gnu/libm-2.19.so
7f15add72000-7f15add73000 rw-p 00100000 00:13 11292                      /lib/x86_64-linux-gnu/libm-2.19.so
7f15add73000-7f15aea32000 r-xp 00000000 00:13 96047                      /usr/lib/jvm/jdk1.8.0_74/jre/lib/amd64/server/libjvm.so
7f15aea32000-7f15aec31000 ---p 00cbf000 00:13 96047                      /usr/lib/jvm/jdk1.8.0_74/jre/lib/amd64/server/libjvm.so
7f15aec31000-7f15aed0a000 rw-p 00cbe000 00:13 96047                      /usr/lib/jvm/jdk1.8.0_74/jre/lib/amd64/server/libjvm.so
7f15aed0a000-7f15aed53000 rw-p 00000000 00:00 0 
7f15aed53000-7f15aeef5000 r-xp 00000000 00:13 1433                       /lib/x86_64-linux-gnu/libc-2.19.so
7f15aeef5000-7f15af0f4000 ---p 001a2000 00:13 1433                       /lib/x86_64-linux-gnu/libc-2.19.so
7f15af0f4000-7f15af0f8000 r--p 001a1000 00:13 1433                       /lib/x86_64-linux-gnu/libc-2.19.so
7f15af0f8000-7f15af0fa000 rw-p 001a5000 00:13 1433                       /lib/x86_64-linux-gnu/libc-2.19.so
7f15af0fa000-7f15af0fe000 rw-p 00000000 00:00 0 
7f15af0fe000-7f15af101000 r-xp 00000000 00:13 1448                       /lib/x86_64-linux-gnu/libdl-2.19.so
7f15af101000-7f15af300000 ---p 00003000 00:13 1448                       /lib/x86_64-linux-gnu/libdl-2.19.so
7f15af300000-7f15af301000 r--p 00002000 00:13 1448                       /lib/x86_64-linux-gnu/libdl-2.19.so
7f15af301000-7f15af302000 rw-p 00003000 00:13 1448                       /lib/x86_64-linux-gnu/libdl-2.19.so
7f15af302000-7f15af317000 r-xp 00000000 00:13 95105                      /usr/lib/jvm/jdk1.8.0_74/lib/amd64/jli/libjli.so
7f15af317000-7f15af517000 ---p 00015000 00:13 95105                      /usr/lib/jvm/jdk1.8.0_74/lib/amd64/jli/libjli.so
7f15af517000-7f15af518000 rw-p 00015000 00:13 95105                      /usr/lib/jvm/jdk1.8.0_74/lib/amd64/jli/libjli.so
7f15af518000-7f15af530000 r-xp 00000000 00:13 1431                       /lib/x86_64-linux-gnu/libpthread-2.19.so
7f15af530000-7f15af72f000 ---p 00018000 00:13 1431                       /lib/x86_64-linux-gnu/libpthread-2.19.so
7f15af72f000-7f15af730000 r--p 00017000 00:13 1431                       /lib/x86_64-linux-gnu/libpthread-2.19.so
7f15af730000-7f15af731000 rw-p 00018000 00:13 1431                       /lib/x86_64-linux-gnu/libpthread-2.19.so
7f15af731000-7f15af735000 rw-p 00000000 00:00 0 
7f15af735000-7f15af755000 r-xp 00000000 00:13 1429                       /lib/x86_64-linux-gnu/ld-2.19.so
7f15af755000-7f15af757000 r--s 0000a000 00:13 571481                     /home/user/j/tools/netbeans-8.1/java/maven/lib/maven-settings-3.0.5.jar
7f15af757000-7f15af775000 r--s 0014f000 00:13 571536                     /home/user/j/tools/netbeans-8.1/java/maven/lib/sisu-guava-0.9.9.jar
7f15af775000-7f15af836000 rw-p 00000000 00:00 0 
7f15af836000-7f15af839000 ---p 00000000 00:00 0 
7f15af839000-7f15af93b000 rw-p 00000000 00:00 0                          [stack:8669]
7f15af93b000-7f15af93e000 r--s 00025000 00:13 571518                     /home/user/j/tools/netbeans-8.1/java/maven/lib/maven-model-3.0.5.jar
7f15af93e000-7f15af940000 r--s 00002000 00:13 571520                     /home/user/j/tools/netbeans-8.1/java/maven/lib/plexus-cipher-1.7.jar
7f15af940000-7f15af944000 r--s 00012000 00:13 571522                     /home/user/j/tools/netbeans-8.1/java/maven/lib/aether-api-1.13.1.jar
7f15af944000-7f15af945000 r--s 00003000 00:13 571524                     /home/user/j/tools/netbeans-8.1/java/maven/lib/aether-spi-1.13.1.jar
7f15af945000-7f15af946000 r--s 00009000 00:13 571540                     /home/user/j/tools/netbeans-8.1/java/maven/lib/commons-cli-1.2.jar
7f15af946000-7f15af947000 r--s 00002000 00:13 571544                     /home/user/j/tools/netbeans-8.1/java/maven/lib/wagon-file-2.4.jar
7f15af947000-7f15af949000 r--s 0000a000 00:13 571436                     /home/user/j/tools/netbeans-8.1/java/maven/boot/plexus-classworlds-2.4.jar
7f15af949000-7f15af951000 rw-s 00000000 00:24 488185                     /tmp/hsperfdata_user/8666
7f15af951000-7f15af952000 rw-p 00000000 00:00 0 
7f15af952000-7f15af953000 ---p 00000000 00:00 0 
7f15af953000-7f15af955000 rw-p 00000000 00:00 0 
7f15af955000-7f15af956000 r--p 00020000 00:13 1429                       /lib/x86_64-linux-gnu/ld-2.19.so
7f15af956000-7f15af957000 rw-p 00021000 00:13 1429                       /lib/x86_64-linux-gnu/ld-2.19.so
7f15af957000-7f15af958000 rw-p 00000000 00:00 0 
7ffdbf16f000-7ffdbf190000 rw-p 00000000 00:00 0                          [stack]
7ffdbf1d9000-7ffdbf1db000 r-xp 00000000 00:00 0                          [vdso]
7ffdbf1db000-7ffdbf1dd000 r--p 00000000 00:00 0                          [vvar]
ffffffffff600000-ffffffffff601000 r-xp 00000000 00:00 0                  [vsyscall]

VM Arguments:
jvm_args: -Dclassworlds.conf=/home/user/j/tools/netbeans-8.1/java/maven/bin/m2.conf -Dmaven.home=/home/user/j/tools/netbeans-8.1/java/maven 
java_command: org.codehaus.plexus.classworlds.launcher.Launcher -Dnetbeans.deploy=true -Dmaven.ext.class.path=/home/user/j/tools/netbeans-8.1/java/maven-nblib/netbeans-eventspy.jar package
java_class_path (initial): /home/user/j/tools/netbeans-8.1/java/maven/boot/plexus-classworlds-2.4.jar
Launcher Type: SUN_STANDARD

Environment Variables:
JAVA_HOME=/usr/lib/jvm/jdk1.8.0_74
PATH=/usr/local/bin:/usr/bin:/bin:/usr/local/games:/usr/games
USERNAME=user
LD_LIBRARY_PATH=/usr/lib/jvm/jdk1.8.0_74/jre/lib/amd64:/usr/lib/jvm/jdk1.8.0_74/jre/lib/i386:
SHELL=/bin/bash
DISPLAY=:0

Signal Handlers:
SIGSEGV: [libjvm.so+0xabb070], sa_mask[0]=11111111011111111101111111111110, sa_flags=SA_RESTART|SA_SIGINFO
SIGBUS: [libjvm.so+0xabb070], sa_mask[0]=11111111011111111101111111111110, sa_flags=SA_RESTART|SA_SIGINFO
SIGFPE: [libjvm.so+0x918480], sa_mask[0]=11111111011111111101111111111110, sa_flags=SA_RESTART|SA_SIGINFO
SIGPIPE: [libjvm.so+0x918480], sa_mask[0]=11111111011111111101111111111110, sa_flags=SA_RESTART|SA_SIGINFO
SIGXFSZ: [libjvm.so+0x918480], sa_mask[0]=11111111011111111101111111111110, sa_flags=SA_RESTART|SA_SIGINFO
SIGILL: [libjvm.so+0x918480], sa_mask[0]=11111111011111111101111111111110, sa_flags=SA_RESTART|SA_SIGINFO
SIGUSR1: SIG_DFL, sa_mask[0]=00000000000000000000000000000000, sa_flags=none
SIGUSR2: [libjvm.so+0x919ab0], sa_mask[0]=00100000000000000000000000000000, sa_flags=SA_RESTART|SA_SIGINFO
SIGHUP: [libjvm.so+0x91aeb0], sa_mask[0]=11111111011111111101111111111110, sa_flags=SA_RESTART|SA_SIGINFO
SIGINT: SIG_IGN, sa_mask[0]=00000000000000000000000000000000, sa_flags=none
SIGTERM: [libjvm.so+0x91aeb0], sa_mask[0]=11111111011111111101111111111110, sa_flags=SA_RESTART|SA_SIGINFO
SIGQUIT: [libjvm.so+0x91aeb0], sa_mask[0]=11111111011111111101111111111110, sa_flags=SA_RESTART|SA_SIGINFO


---------------  S Y S T E M  ---------------

OS:PRETTY_NAME="Debian GNU/Linux 8 (jessie)"
NAME="Debian GNU/Linux"
VERSION_ID="8"
VERSION="8 (jessie)"
ID=debian
HOME_URL="http://www.debian.org/"
SUPPORT_URL="http://www.debian.org/support"
BUG_REPORT_URL="https://bugs.debian.org/"

uname:Linux 3.16.0-4-amd64 #1 SMP Debian 3.16.7-ckt20-1+deb8u3 (2016-01-17) x86_64
libc:glibc 2.19 NPTL 2.19 
rlimit: STACK 8192k, CORE 0k, NPROC 23439, NOFILE 65536, AS infinity
load average:0.40 0.35 0.38

/proc/meminfo:
MemTotal:        6036832 kB
MemFree:          137260 kB
MemAvailable:      97680 kB
Buffers:             228 kB
Cached:          2077324 kB
SwapCached:            0 kB
Active:          4808304 kB
Inactive:         862528 kB
Active(anon):    4795724 kB
Inactive(anon):   848984 kB
Active(file):      12580 kB
Inactive(file):    13544 kB
Unevictable:          32 kB
Mlocked:              32 kB
SwapTotal:             0 kB
SwapFree:              0 kB
Dirty:                 0 kB
Writeback:             0 kB
AnonPages:       3593504 kB
Mapped:            74588 kB
Shmem:           2051348 kB
Slab:             133604 kB
SReclaimable:      63644 kB
SUnreclaim:        69960 kB
KernelStack:       11744 kB
PageTables:        30608 kB
NFS_Unstable:          0 kB
Bounce:                0 kB
WritebackTmp:          0 kB
CommitLimit:     3018416 kB
Committed_AS:    8490688 kB
VmallocTotal:   34359738367 kB
VmallocUsed:      406384 kB
VmallocChunk:   34359329808 kB
HardwareCorrupted:     0 kB
AnonHugePages:         0 kB
HugePages_Total:       0
HugePages_Free:        0
HugePages_Rsvd:        0
HugePages_Surp:        0
Hugepagesize:       2048 kB
DirectMap4k:      136708 kB
DirectMap2M:     6064128 kB


CPU:total 8 (4 cores per cpu, 2 threads per core) family 6 model 42 stepping 7, cmov, cx8, fxsr, mmx, sse, sse2, sse3, ssse3, sse4.1, sse4.2, popcnt, avx, aes, clmul, ht, tsc, tscinvbit

/proc/cpuinfo:
processor	: 0
vendor_id	: GenuineIntel
cpu family	: 6
model		: 42
model name	: Intel(R) Core(TM) i7-2630QM CPU @ 2.00GHz
stepping	: 7
microcode	: 0x23
cpu MHz		: 2600.000
cache size	: 6144 KB
physical id	: 0
siblings	: 8
core id		: 0
cpu cores	: 4
apicid		: 0
initial apicid	: 0
fpu		: yes
fpu_exception	: yes
cpuid level	: 13
wp		: yes
flags		: fpu vme de pse tsc msr pae mce cx8 apic sep mtrr pge mca cmov pat pse36 clflush dts acpi mmx fxsr sse sse2 ss ht tm pbe syscall nx rdtscp lm constant_tsc arch_perfmon pebs bts rep_good nopl xtopology nonstop_tsc aperfmperf eagerfpu pni pclmulqdq dtes64 monitor ds_cpl vmx est tm2 ssse3 cx16 xtpr pdcm pcid sse4_1 sse4_2 x2apic popcnt tsc_deadline_timer aes xsave avx lahf_lm ida arat epb xsaveopt pln pts dtherm tpr_shadow vnmi flexpriority ept vpid
bogomips	: 3991.08
clflush size	: 64
cache_alignment	: 64
address sizes	: 36 bits physical, 48 bits virtual
power management:

processor	: 1
vendor_id	: GenuineIntel
cpu family	: 6
model		: 42
model name	: Intel(R) Core(TM) i7-2630QM CPU @ 2.00GHz
stepping	: 7
microcode	: 0x23
cpu MHz		: 2601.484
cache size	: 6144 KB
physical id	: 0
siblings	: 8
core id		: 1
cpu cores	: 4
apicid		: 2
initial apicid	: 2
fpu		: yes
fpu_exception	: yes
cpuid level	: 13
wp		: yes
flags		: fpu vme de pse tsc msr pae mce cx8 apic sep mtrr pge mca cmov pat pse36 clflush dts acpi mmx fxsr sse sse2 ss ht tm pbe syscall nx rdtscp lm constant_tsc arch_perfmon pebs bts rep_good nopl xtopology nonstop_tsc aperfmperf eagerfpu pni pclmulqdq dtes64 monitor ds_cpl vmx est tm2 ssse3 cx16 xtpr pdcm pcid sse4_1 sse4_2 x2apic popcnt tsc_deadline_timer aes xsave avx lahf_lm ida arat epb xsaveopt pln pts dtherm tpr_shadow vnmi flexpriority ept vpid
bogomips	: 3991.08
clflush size	: 64
cache_alignment	: 64
address sizes	: 36 bits physical, 48 bits virtual
power management:

processor	: 2
vendor_id	: GenuineIntel
cpu family	: 6
model		: 42
model name	: Intel(R) Core(TM) i7-2630QM CPU @ 2.00GHz
stepping	: 7
microcode	: 0x23
cpu MHz		: 2600.000
cache size	: 6144 KB
physical id	: 0
siblings	: 8
core id		: 2
cpu cores	: 4
apicid		: 4
initial apicid	: 4
fpu		: yes
fpu_exception	: yes
cpuid level	: 13
wp		: yes
flags		: fpu vme de pse tsc msr pae mce cx8 apic sep mtrr pge mca cmov pat pse36 clflush dts acpi mmx fxsr sse sse2 ss ht tm pbe syscall nx rdtscp lm constant_tsc arch_perfmon pebs bts rep_good nopl xtopology nonstop_tsc aperfmperf eagerfpu pni pclmulqdq dtes64 monitor ds_cpl vmx est tm2 ssse3 cx16 xtpr pdcm pcid sse4_1 sse4_2 x2apic popcnt tsc_deadline_timer aes xsave avx lahf_lm ida arat epb xsaveopt pln pts dtherm tpr_shadow vnmi flexpriority ept vpid
bogomips	: 3991.08
clflush size	: 64
cache_alignment	: 64
address sizes	: 36 bits physical, 48 bits virtual
power management:

processor	: 3
vendor_id	: GenuineIntel
cpu family	: 6
model		: 42
model name	: Intel(R) Core(TM) i7-2630QM CPU @ 2.00GHz
stepping	: 7
microcode	: 0x23
cpu MHz		: 2600.078
cache size	: 6144 KB
physical id	: 0
siblings	: 8
core id		: 3
cpu cores	: 4
apicid		: 6
initial apicid	: 6
fpu		: yes
fpu_exception	: yes
cpuid level	: 13
wp		: yes
flags		: fpu vme de pse tsc msr pae mce cx8 apic sep mtrr pge mca cmov pat pse36 clflush dts acpi mmx fxsr sse sse2 ss ht tm pbe syscall nx rdtscp lm constant_tsc arch_perfmon pebs bts rep_good nopl xtopology nonstop_tsc aperfmperf eagerfpu pni pclmulqdq dtes64 monitor ds_cpl vmx est tm2 ssse3 cx16 xtpr pdcm pcid sse4_1 sse4_2 x2apic popcnt tsc_deadline_timer aes xsave avx lahf_lm ida arat epb xsaveopt pln pts dtherm tpr_shadow vnmi flexpriority ept vpid
bogomips	: 3991.08
clflush size	: 64
cache_alignment	: 64
address sizes	: 36 bits physical, 48 bits virtual
power management:

processor	: 4
vendor_id	: GenuineIntel
cpu family	: 6
model		: 42
model name	: Intel(R) Core(TM) i7-2630QM CPU @ 2.00GHz
stepping	: 7
microcode	: 0x23
cpu MHz		: 2567.031
cache size	: 6144 KB
physical id	: 0
siblings	: 8
core id		: 0
cpu cores	: 4
apicid		: 1
initial apicid	: 1
fpu		: yes
fpu_exception	: yes
cpuid level	: 13
wp		: yes
flags		: fpu vme de pse tsc msr pae mce cx8 apic sep mtrr pge mca cmov pat pse36 clflush dts acpi mmx fxsr sse sse2 ss ht tm pbe syscall nx rdtscp lm constant_tsc arch_perfmon pebs bts rep_good nopl xtopology nonstop_tsc aperfmperf eagerfpu pni pclmulqdq dtes64 monitor ds_cpl vmx est tm2 ssse3 cx16 xtpr pdcm pcid sse4_1 sse4_2 x2apic popcnt tsc_deadline_timer aes xsave avx lahf_lm ida arat epb xsaveopt pln pts dtherm tpr_shadow vnmi flexpriority ept vpid
bogomips	: 3991.08
clflush size	: 64
cache_alignment	: 64
address sizes	: 36 bits physical, 48 bits virtual
power management:

processor	: 5
vendor_id	: GenuineIntel
cpu family	: 6
model		: 42
model name	: Intel(R) Core(TM) i7-2630QM CPU @ 2.00GHz
stepping	: 7
microcode	: 0x23
cpu MHz		: 2600.000
cache size	: 6144 KB
physical id	: 0
siblings	: 8
core id		: 1
cpu cores	: 4
apicid		: 3
initial apicid	: 3
fpu		: yes
fpu_exception	: yes
cpuid level	: 13
wp		: yes
flags		: fpu vme de pse tsc msr pae mce cx8 apic sep mtrr pge mca cmov pat pse36 clflush dts acpi mmx fxsr sse sse2 ss ht tm pbe syscall nx rdtscp lm constant_tsc arch_perfmon pebs bts rep_good nopl xtopology nonstop_tsc aperfmperf eagerfpu pni pclmulqdq dtes64 monitor ds_cpl vmx est tm2 ssse3 cx16 xtpr pdcm pcid sse4_1 sse4_2 x2apic popcnt tsc_deadline_timer aes xsave avx lahf_lm ida arat epb xsaveopt pln pts dtherm tpr_shadow vnmi flexpriority ept vpid
bogomips	: 3991.08
clflush size	: 64
cache_alignment	: 64
address sizes	: 36 bits physical, 48 bits virtual
power management:

processor	: 6
vendor_id	: GenuineIntel
cpu family	: 6
model		: 42
model name	: Intel(R) Core(TM) i7-2630QM CPU @ 2.00GHz
stepping	: 7
microcode	: 0x23
cpu MHz		: 2535.468
cache size	: 6144 KB
physical id	: 0
siblings	: 8
core id		: 2
cpu cores	: 4
apicid		: 5
initial apicid	: 5
fpu		: yes
fpu_exception	: yes
cpuid level	: 13
wp		: yes
flags		: fpu vme de pse tsc msr pae mce cx8 apic sep mtrr pge mca cmov pat pse36 clflush dts acpi mmx fxsr sse sse2 ss ht tm pbe syscall nx rdtscp lm constant_tsc arch_perfmon pebs bts rep_good nopl xtopology nonstop_tsc aperfmperf eagerfpu pni pclmulqdq dtes64 monitor ds_cpl vmx est tm2 ssse3 cx16 xtpr pdcm pcid sse4_1 sse4_2 x2apic popcnt tsc_deadline_timer aes xsave avx lahf_lm ida arat epb xsaveopt pln pts dtherm tpr_shadow vnmi flexpriority ept vpid
bogomips	: 3991.08
clflush size	: 64
cache_alignment	: 64
address sizes	: 36 bits physical, 48 bits virtual
power management:

processor	: 7
vendor_id	: GenuineIntel
cpu family	: 6
model		: 42
model name	: Intel(R) Core(TM) i7-2630QM CPU @ 2.00GHz
stepping	: 7
microcode	: 0x23
cpu MHz		: 2547.343
cache size	: 6144 KB
physical id	: 0
siblings	: 8
core id		: 3
cpu cores	: 4
apicid		: 7
initial apicid	: 7
fpu		: yes
fpu_exception	: yes
cpuid level	: 13
wp		: yes
flags		: fpu vme de pse tsc msr pae mce cx8 apic sep mtrr pge mca cmov pat pse36 clflush dts acpi mmx fxsr sse sse2 ss ht tm pbe syscall nx rdtscp lm constant_tsc arch_perfmon pebs bts rep_good nopl xtopology nonstop_tsc aperfmperf eagerfpu pni pclmulqdq dtes64 monitor ds_cpl vmx est tm2 ssse3 cx16 xtpr pdcm pcid sse4_1 sse4_2 x2apic popcnt tsc_deadline_timer aes xsave avx lahf_lm ida arat epb xsaveopt pln pts dtherm tpr_shadow vnmi flexpriority ept vpid
bogomips	: 3991.08
clflush size	: 64
cache_alignment	: 64
address sizes	: 36 bits physical, 48 bits virtual
power management:



Memory: 4k page, physical 6036832k(137260k free), swap 0k(0k free)

vm_info: Java HotSpot(TM) 64-Bit Server VM (25.74-b02) for linux-amd64 JRE (1.8.0_74-b02), built on Jan 29 2016 19:20:56 by "java_re" with gcc 4.3.0 20080428 (Red Hat 4.3.0-8)

time: Fri May  6 10:34:43 2016
elapsed time: 3 seconds (0d 0h 0m 3s)

